Unable to capture context for thread 12932 in process 6392, can not generate back trace
Unable to capture context for thread 14256 in process 6392, can not generate back trace
Unable to capture context for thread 12376 in process 6392, can not generate back trace
Exception at PC 0x00007FFC29C84ED9
Unable to capture context for thread 12932 in process 6392, can not generate back trace
Unable to capture context for thread 14256 in process 6392, can not generate back trace
Unable to capture context for thread 12376 in process 6392, can not generate back trace
Exception at PC 0x00007FFBBAF8BB93
Printing stacktrace...

Exception at PC 0x00007FFC29C84ED9
Exception at PC 0x00007FFC29C84ED9
Exception at PC 0x00007FFC29C84ED9
Exception at PC 0x00007FFC29C84ED9
Exception at PC 0x00007FFC29C84ED9
Exception at PC 0x00007FFC29C84ED9
Exception at PC 0x00007FFC29C84ED9
Exception at PC 0x00007FFC29C84ED9
Exception at PC 0x00007FFC29C84ED9
Exception at PC 0x00007FFC29C84ED9
Exception at PC 0x00007FFC29C84ED9
Exception at PC 0x00007FFC29C84ED9
Exception at PC 0x00007FFC29C84ED9
[0]  [0x00007FFBBAF8BB93]
[1]  [0x00007FFBBAF8BB93]
[2]  [0x00007FFBBAF8B4A1]
[3]  [0x00007FFBBAF8B3EF]
[4]  [0x00007FFBBAF719FE]
[5]  [0x00007FFBBAF70ED1]
[6]  [0x00007FFBBAF70D76]
[7]  [0x00007FFBBAF179F6]
[8]  [0x00007FFBBAF07AFB]
[9]  [0x00007FFBBB02E90A]
[10]  [0x00007FFBBB049F87]
[11]  [0x00007FFBBB04A05F]
[12] (BaseThreadInitThunk+0x14) [0x00007FFC2A4F7034]
[13] (RtlUserThreadStart+0x21) [0x00007FFC2C4C2651]
Done
Exception at PC 0x00007FFC29C84ED9
Exception at PC 0x00007FFC29C84ED9
Exception at PC 0x00007FFC29C84ED9
Exception at PC 0x00007FFC29C84ED9
